<?xml version="1.0" encoding="UTF-8"?>
<!-- Generated by org.testng.reporters.JUnitReportReporter -->
<testsuite hostname="PF1K8HFA" failures="0" tests="1" name="com.appium.testapp.AndroidAppTest" time="0.276" errors="0" timestamp="28 May 2019 19:15:17 GMT" skipped="0">
  <testcase classname="com.appium.testapp.AndroidAppTest" name="testCal" time="0.276"/>
</testsuite> <!-- com.appium.testapp.AndroidAppTest -->
